<?xml version="1.0" encoding="UTF-8"?>
<testng-results ignored="0" total="1" passed="1" failed="0" skipped="0">
  <reporter-output>
  </reporter-output>
  <suite started-at="2023-11-20T14:47:09 IST" name="Default suite" finished-at="2023-11-20T14:47:14 IST" duration-ms="5012">
    <groups>
    </groups>
    <test started-at="2023-11-20T14:47:09 IST" name="Default test" finished-at="2023-11-20T14:47:14 IST" duration-ms="5012">
      <class name="com.project.staragile.banking.TestNGStar">
        <test-method signature="verifyPageContent()[pri:0, instance:com.project.staragile.banking.TestNGStar@2ca923bb]" started-at="2023-11-20T14:47:09 IST" name="verifyPageContent" finished-at="2023-11-20T14:47:14 IST" duration-ms="4958" status="PASS">
          <reporter-output>
          </reporter-output>
        </test-method> <!-- verifyPageContent -->
      </class> <!-- com.project.staragile.banking.TestNGStar -->
    </test> <!-- Default test -->
  </suite> <!-- Default suite -->
</testng-results>
